<?xml version="1.0" encoding="UTF-8"?>
<!-- Generated by org.testng.reporters.JUnitReportReporter -->
<testsuite hostname="WIN-FNF9AQIK9ER" failures="0" tests="7" name="tests.SmallLoanCalculatorTest" time="84.015" errors="0" timestamp="2022-06-20T17:34:45 MSK" skipped="0">
  <testcase classname="tests.SmallLoanCalculatorTest" name="checkChooseLoanSumSlider" time="12.772"/>
  <system-out/>
  <testcase classname="tests.SmallLoanCalculatorTest" name="checkLoanSumFieldCapacity" time="11.623"/>
  <system-out/>
  <testcase classname="tests.SmallLoanCalculatorTest" name="checkThatMonthlyPaymentChanges" time="11.177"/>
  <system-out/>
  <testcase classname="tests.SmallLoanCalculatorTest" name="checkThatAgreementFeeChanges" time="12.597"/>
  <system-out/>
  <testcase classname="tests.SmallLoanCalculatorTest" name="checkZeroInLoanSumField" time="12.196"/>
  <system-out/>
  <testcase classname="tests.SmallLoanCalculatorTest" name="checkSumOverSliderAfterMove" time="12.087"/>
  <system-out/>
  <testcase classname="tests.SmallLoanCalculatorTest" name="checkThatLoanTermSliderWorks" time="11.563"/>
  <system-out/>
</testsuite> <!-- tests.SmallLoanCalculatorTest -->
